2025-09-29 10:35:51,000 - my_logger - INFO - 

2025-09-29 10:35:51,000 - my_logger - INFO - >>>>>>> START LOGGING <<<<<<<<
2025-09-29 10:39:05,482 - my_logger - ERROR - cvxpylayer_n2_lr0.1_seed1: An error occurred: Solver scs returned status interrupted
Traceback (most recent call last):
  File "/nethome/zzhao628/ffo-bilevel/sudoku/main_sudoku.py", line 218, in <module>
    train_test_loop(args, experiment_dir, n=n)
  File "/nethome/zzhao628/ffo-bilevel/sudoku/main_sudoku.py", line 114, in train_test_loop
    pred = model(x)
  File "/nethome/zzhao628/anaconda3/envs/bilevel/lib/python3.10/site-packages/torch/nn/modules/module.py", line 1736, in _wrapped_call_impl
    return self._call_impl(*args, **kwargs)
  File "/nethome/zzhao628/anaconda3/envs/bilevel/lib/python3.10/site-packages/torch/nn/modules/module.py", line 1747, in _call_impl
    return forward_call(*args, **kwargs)
  File "/nethome/zzhao628/ffo-bilevel/sudoku/models_sudoku.py", line 220, in forward
    sol, = self.optlayer(*params_batched)
  File "/nethome/zzhao628/anaconda3/envs/bilevel/lib/python3.10/site-packages/torch/nn/modules/module.py", line 1736, in _wrapped_call_impl
    return self._call_impl(*args, **kwargs)
  File "/nethome/zzhao628/anaconda3/envs/bilevel/lib/python3.10/site-packages/torch/nn/modules/module.py", line 1747, in _call_impl
    return forward_call(*args, **kwargs)
  File "/nethome/zzhao628/anaconda3/envs/bilevel/lib/python3.10/site-packages/cvxpylayers/torch/cvxpylayer.py", line 164, in forward
    sol = f(*params)
  File "/nethome/zzhao628/anaconda3/envs/bilevel/lib/python3.10/site-packages/torch/autograd/function.py", line 575, in apply
    return super().apply(*args, **kwargs)  # type: ignore[misc]
  File "/nethome/zzhao628/anaconda3/envs/bilevel/lib/python3.10/site-packages/cvxpylayers/torch/cvxpylayer.py", line 288, in forward
    sol, info_forward = _forward_numpy(params_numpy, context)
  File "/nethome/zzhao628/anaconda3/envs/bilevel/lib/python3.10/site-packages/cvxpylayers/utils.py", line 93, in forward_numpy
    raise e
  File "/nethome/zzhao628/anaconda3/envs/bilevel/lib/python3.10/site-packages/cvxpylayers/utils.py", line 82, in forward_numpy
    xs, _, _, _, DT_batch = diffcp.solve_and_derivative_batch(
  File "/nethome/zzhao628/anaconda3/envs/bilevel/lib/python3.10/site-packages/diffcp/cone_program.py", line 90, in solve_and_derivative_batch
    results = pool.starmap(solve_and_derivative_wrapper, args)
  File "/nethome/zzhao628/anaconda3/envs/bilevel/lib/python3.10/multiprocessing/pool.py", line 375, in starmap
    return self._map_async(func, iterable, starmapstar, chunksize).get()
  File "/nethome/zzhao628/anaconda3/envs/bilevel/lib/python3.10/multiprocessing/pool.py", line 774, in get
    raise self._value
  File "/nethome/zzhao628/anaconda3/envs/bilevel/lib/python3.10/multiprocessing/pool.py", line 125, in worker
    result = (True, func(*args, **kwds))
  File "/nethome/zzhao628/anaconda3/envs/bilevel/lib/python3.10/multiprocessing/pool.py", line 51, in starmapstar
    return list(itertools.starmap(args[0], args[1]))
  File "/nethome/zzhao628/anaconda3/envs/bilevel/lib/python3.10/site-packages/diffcp/cone_program.py", line 25, in solve_and_derivative_wrapper
    return solve_and_derivative(
  File "/nethome/zzhao628/anaconda3/envs/bilevel/lib/python3.10/site-packages/diffcp/cone_program.py", line 269, in solve_and_derivative
    result = solve_and_derivative_internal(
  File "/nethome/zzhao628/anaconda3/envs/bilevel/lib/python3.10/site-packages/diffcp/cone_program.py", line 523, in solve_and_derivative_internal
    result = solve_internal(A, b, c, cone_dict, solve_method=solve_method,
  File "/nethome/zzhao628/anaconda3/envs/bilevel/lib/python3.10/site-packages/diffcp/cone_program.py", line 351, in solve_internal
    raise SolverError("Solver scs returned status %s" % status)
diffcp.cone_program.SolverError: Solver scs returned status interrupted
