2025-09-29 00:00:47,640 - my_logger - INFO - 

2025-09-29 00:00:47,640 - my_logger - INFO - >>>>>>> START LOGGING <<<<<<<<
2025-09-29 00:00:49,108 - my_logger - ERROR - ffocp_eq_n2_lr0.1_seed1: An error occurred: [Errno 2] No such file or directory: 'sudoku/data/2/features.pt'
Traceback (most recent call last):
  File "/nethome/zzhao628/ffo-bilevel/sudoku/main_sudoku.py", line 216, in <module>
    train_test_loop(args, experiment_dir, n=n)
  File "/nethome/zzhao628/ffo-bilevel/sudoku/main_sudoku.py", line 34, in train_test_loop
    features = torch.load(os.path.join(train_data_dir_path, "features.pt"))
  File "/nethome/zzhao628/anaconda3/envs/bilevel/lib/python3.10/site-packages/torch/serialization.py", line 1319, in load
    with _open_file_like(f, "rb") as opened_file:
  File "/nethome/zzhao628/anaconda3/envs/bilevel/lib/python3.10/site-packages/torch/serialization.py", line 659, in _open_file_like
    return _open_file(name_or_buffer, mode)
  File "/nethome/zzhao628/anaconda3/envs/bilevel/lib/python3.10/site-packages/torch/serialization.py", line 640, in __init__
    super().__init__(open(name, mode))
FileNotFoundError: [Errno 2] No such file or directory: 'sudoku/data/2/features.pt'
2025-09-29 00:01:40,603 - my_logger - INFO - 

2025-09-29 00:01:40,603 - my_logger - INFO - >>>>>>> START LOGGING <<<<<<<<
2025-09-29 00:01:42,071 - my_logger - ERROR - ffocp_eq_n2_lr0.1_seed1: An error occurred: [Errno 2] No such file or directory: '/data/2/features.pt'
Traceback (most recent call last):
  File "/nethome/zzhao628/ffo-bilevel/sudoku/main_sudoku.py", line 216, in <module>
    train_test_loop(args, experiment_dir, n=n)
  File "/nethome/zzhao628/ffo-bilevel/sudoku/main_sudoku.py", line 34, in train_test_loop
    features = torch.load(os.path.join(train_data_dir_path, "features.pt"))
  File "/nethome/zzhao628/anaconda3/envs/bilevel/lib/python3.10/site-packages/torch/serialization.py", line 1319, in load
    with _open_file_like(f, "rb") as opened_file:
  File "/nethome/zzhao628/anaconda3/envs/bilevel/lib/python3.10/site-packages/torch/serialization.py", line 659, in _open_file_like
    return _open_file(name_or_buffer, mode)
  File "/nethome/zzhao628/anaconda3/envs/bilevel/lib/python3.10/site-packages/torch/serialization.py", line 640, in __init__
    super().__init__(open(name, mode))
FileNotFoundError: [Errno 2] No such file or directory: '/data/2/features.pt'
2025-09-29 00:01:48,672 - my_logger - INFO - 

2025-09-29 00:01:48,672 - my_logger - INFO - >>>>>>> START LOGGING <<<<<<<<
2025-09-29 00:01:54,730 - my_logger - ERROR - ffocp_eq_n2_lr0.1_seed1: An error occurred: Two or more parameters are on different devices. Expected parameter 1 to be on device cpu but got device cuda:0.
Traceback (most recent call last):
  File "/nethome/zzhao628/ffo-bilevel/sudoku/main_sudoku.py", line 216, in <module>
    train_test_loop(args, experiment_dir, n=n)
  File "/nethome/zzhao628/ffo-bilevel/sudoku/main_sudoku.py", line 113, in train_test_loop
    pred = model(x)
  File "/nethome/zzhao628/anaconda3/envs/bilevel/lib/python3.10/site-packages/torch/nn/modules/module.py", line 1736, in _wrapped_call_impl
    return self._call_impl(*args, **kwargs)
  File "/nethome/zzhao628/anaconda3/envs/bilevel/lib/python3.10/site-packages/torch/nn/modules/module.py", line 1747, in _call_impl
    return forward_call(*args, **kwargs)
  File "/nethome/zzhao628/ffo-bilevel/sudoku/models_sudoku.py", line 220, in forward
    sol, = self.optlayer(*params_batched)
  File "/nethome/zzhao628/anaconda3/envs/bilevel/lib/python3.10/site-packages/torch/nn/modules/module.py", line 1736, in _wrapped_call_impl
    return self._call_impl(*args, **kwargs)
  File "/nethome/zzhao628/anaconda3/envs/bilevel/lib/python3.10/site-packages/torch/nn/modules/module.py", line 1747, in _call_impl
    return forward_call(*args, **kwargs)
  File "/nethome/zzhao628/ffo-bilevel/ffocp_eq.py", line 96, in forward
    sol = f(*params)
  File "/nethome/zzhao628/anaconda3/envs/bilevel/lib/python3.10/site-packages/torch/autograd/function.py", line 575, in apply
    return super().apply(*args, **kwargs)  # type: ignore[misc]
  File "/nethome/zzhao628/ffo-bilevel/ffocp_eq.py", line 137, in forward
    raise ValueError(
ValueError: Two or more parameters are on different devices. Expected parameter 1 to be on device cpu but got device cuda:0.
